2017-12-30T22:45:11.004Z - error: Bad Request with, user_id is not numeric: 3g
2017-12-30T22:45:11.011Z - error: Something broke!: Error: Can't set headers after they are sent.
    at ServerResponse.OutgoingMessage.setHeader (_http_outgoing.js:344:11)
    at ServerResponse.header (C:\Ben\WalkMe\campaign_manager\node_modules\express\lib\response.js:730:10)
    at ServerResponse.send (C:\Ben\WalkMe\campaign_manager\node_modules\express\lib\response.js:170:12)
    at ServerResponse.json (C:\Ben\WalkMe\campaign_manager\node_modules\express\lib\response.js:256:15)
    at ServerResponse.send (C:\Ben\WalkMe\campaign_manager\node_modules\express\lib\response.js:158:21)
    at C:\Ben\WalkMe\campaign_manager\routes\api.js:28:13
    at Layer.handle [as handle_request] (C:\Ben\WalkMe\campaign_manager\node_modules\express\lib\router\layer.js:95:5)
    at next (C:\Ben\WalkMe\campaign_manager\node_modules\express\lib\router\route.js:137:13)
    at Route.dispatch (C:\Ben\WalkMe\campaign_manager\node_modules\express\lib\router\route.js:112:3)
    at Layer.handle [as handle_request] (C:\Ben\WalkMe\campaign_manager\node_modules\express\lib\router\layer.js:95:5)
2017-12-30T22:49:04.292Z - error: Bad Request with, user_id is not numeric: 3gs
2017-12-30T22:49:04.298Z - error: Something broke!: Error: Can't set headers after they are sent.
    at ServerResponse.OutgoingMessage.setHeader (_http_outgoing.js:344:11)
    at ServerResponse.header (C:\Ben\WalkMe\campaign_manager\node_modules\express\lib\response.js:730:10)
    at ServerResponse.send (C:\Ben\WalkMe\campaign_manager\node_modules\express\lib\response.js:170:12)
    at ServerResponse.json (C:\Ben\WalkMe\campaign_manager\node_modules\express\lib\response.js:256:15)
    at ServerResponse.send (C:\Ben\WalkMe\campaign_manager\node_modules\express\lib\response.js:158:21)
    at C:\Ben\WalkMe\campaign_manager\routes\api.js:28:13
    at Layer.handle [as handle_request] (C:\Ben\WalkMe\campaign_manager\node_modules\express\lib\router\layer.js:95:5)
    at next (C:\Ben\WalkMe\campaign_manager\node_modules\express\lib\router\route.js:137:13)
    at Route.dispatch (C:\Ben\WalkMe\campaign_manager\node_modules\express\lib\router\route.js:112:3)
    at Layer.handle [as handle_request] (C:\Ben\WalkMe\campaign_manager\node_modules\express\lib\router\layer.js:95:5)
2017-12-30T23:34:40.405Z - error: Bad Request with, user_id is not numeric: 3gs
2017-12-30T23:34:40.418Z - error: Something broke!: Error: Can't set headers after they are sent.
    at ServerResponse.OutgoingMessage.setHeader (_http_outgoing.js:344:11)
    at ServerResponse.header (C:\Ben\WalkMe\campaign_manager\node_modules\express\lib\response.js:730:10)
    at ServerResponse.send (C:\Ben\WalkMe\campaign_manager\node_modules\express\lib\response.js:170:12)
    at ServerResponse.json (C:\Ben\WalkMe\campaign_manager\node_modules\express\lib\response.js:256:15)
    at ServerResponse.send (C:\Ben\WalkMe\campaign_manager\node_modules\express\lib\response.js:158:21)
    at C:\Ben\WalkMe\campaign_manager\routes\api.js:28:13
    at Layer.handle [as handle_request] (C:\Ben\WalkMe\campaign_manager\node_modules\express\lib\router\layer.js:95:5)
    at next (C:\Ben\WalkMe\campaign_manager\node_modules\express\lib\router\route.js:137:13)
    at Route.dispatch (C:\Ben\WalkMe\campaign_manager\node_modules\express\lib\router\route.js:112:3)
    at Layer.handle [as handle_request] (C:\Ben\WalkMe\campaign_manager\node_modules\express\lib\router\layer.js:95:5)
2017-12-30T23:35:05.803Z - error: Bad Request with, user_id is not numeric: 3gs
2017-12-30T23:39:24.411Z - error: Bad file reading in campaignDAO. trace: SyntaxError: Unexpected token ,
    at Object.parse (native)
    at Function.CampaignDAO.init (C:\Ben\WalkMe\campaign_manager\dataRepository\campaignDAO.js:17:19)
    at Object.<anonymous> (C:\Ben\WalkMe\campaign_manager\logic\campaignAPILogic.js:8:12)
    at Module._compile (module.js:409:26)
    at Object.Module._extensions..js (module.js:416:10)
    at Module.load (module.js:343:32)
    at Function.Module._load (module.js:300:12)
    at Module.require (module.js:353:17)
    at require (internal/module.js:12:17)
    at Object.<anonymous> (C:\Ben\WalkMe\campaign_manager\routes\api.js:3:13)
2017-12-30T23:39:46.347Z - error: Bad Request with, user_id is not numeric: 3gs
2017-12-30T23:39:54.769Z - error: Bad Request with, user_id is not numeric: 3gs
